<?xml version="1.0" encoding="UTF-8"?>
<!-- Generated by org.testng.reporters.JUnitReportReporter -->
<testsuite skipped="1" hostname="DESKTOP-27L8JE7" name="demogroup.SampleProject.LinksTesting1" tests="3" failures="0" timestamp="2021-06-07T06:14:09 IST" time="32.595" errors="1">
  <testcase name="linktesting1" time="0.000" classname="demogroup.SampleProject.LinksTesting1">
    <skipped/>
  </testcase> <!-- linktesting1 -->
  <system-out/>
  <testcase name="setup" time="2.423" classname="demogroup.SampleProject.LinksTesting1">
    <error type="org.openqa.selenium.InvalidArgumentException" message="invalid argument: user data directory is already in use, please specify a unique value for --user-data-dir argument, or don&#039;t use --user-data-dir
Build info: version: &#039;3.141.59&#039;, revision: &#039;e82be7d358&#039;, time: &#039;2018-11-14T08:17:03&#039;
System info: host: &#039;DESKTOP-27L8JE7&#039;, ip: &#039;10.0.0.4&#039;, os.name: &#039;Windows 10&#039;, os.arch: &#039;amd64&#039;, os.version: &#039;10.0&#039;, java.version: &#039;1.8.0_241&#039;
Driver info: driver.version: ChromeDriver
remote stacktrace: Backtrace:
	Ordinal0 [0x0122C013+2474003]
	Ordinal0 [0x011C29C1+2042305]
	Ordinal0 [0x010D2F68+1060712]
	Ordinal0 [0x010EE7D5+1173461]
	Ordinal0 [0x010EAA83+1157763]
	Ordinal0 [0x0111A2A2+1352354]
	Ordinal0 [0x01118FAA+1347498]
	Ordinal0 [0x011166DB+1337051]
	Ordinal0 [0x010F3427+1192999]
	Ordinal0 [0x010F42EE+1196782]
	Ordinal0 [0x010F4279+1196665]
	GetHandleVerifier [0x013B96FC+1590332]
	GetHandleVerifier [0x01468614+2306900]
	GetHandleVerifier [0x012B9E93+543699]
	GetHandleVerifier [0x012B92CE+540686]
	Ordinal0 [0x011C86BA+2066106]
	Ordinal0 [0x011CD1C8+2085320]
	Ordinal0 [0x011CD308+2085640]
	Ordinal0 [0x011D67F3+2123763]
	BaseThreadInitThunk [0x770DFA29+25]
	RtlGetAppContainerNamedObjectPath [0x77C27A7E+286]
	RtlGetAppContainerNamedObjectPath [0x77C27A4E+238]
">
      <![CDATA[org.openqa.selenium.InvalidArgumentException: invalid argument: user data directory is already in use, please specify a unique value for --user-data-dir argument, or don't use --user-data-dir
Build info: version: '3.141.59', revision: 'e82be7d358', time: '2018-11-14T08:17:03'
System info: host: 'DESKTOP-27L8JE7', ip: '10.0.0.4', os.name: 'Windows 10', os.arch: 'amd64', os.version: '10.0', java.version: '1.8.0_241'
Driver info: driver.version: ChromeDriver
remote stacktrace: Backtrace:
Ordinal0 [0x0122C013+2474003]
Ordinal0 [0x011C29C1+2042305]
Ordinal0 [0x010D2F68+1060712]
Ordinal0 [0x010EE7D5+1173461]
Ordinal0 [0x010EAA83+1157763]
Ordinal0 [0x0111A2A2+1352354]
Ordinal0 [0x01118FAA+1347498]
Ordinal0 [0x011166DB+1337051]
Ordinal0 [0x010F3427+1192999]
Ordinal0 [0x010F42EE+1196782]
Ordinal0 [0x010F4279+1196665]
GetHandleVerifier [0x013B96FC+1590332]
GetHandleVerifier [0x01468614+2306900]
GetHandleVerifier [0x012B9E93+543699]
GetHandleVerifier [0x012B92CE+540686]
Ordinal0 [0x011C86BA+2066106]
Ordinal0 [0x011CD1C8+2085320]
Ordinal0 [0x011CD308+2085640]
Ordinal0 [0x011D67F3+2123763]
BaseThreadInitThunk [0x770DFA29+25]
RtlGetAppContainerNamedObjectPath [0x77C27A7E+286]
RtlGetAppContainerNamedObjectPath [0x77C27A4E+238]

at sun.reflect.NativeConstructorAccessorImpl.newInstance0(Native Method)
at sun.reflect.NativeConstructorAccessorImpl.newInstance(Unknown Source)
at sun.reflect.DelegatingConstructorAccessorImpl.newInstance(Unknown Source)
at java.lang.reflect.Constructor.newInstance(Unknown Source)
at org.openqa.selenium.remote.W3CHandshakeResponse.lambda$errorHandler$0(W3CHandshakeResponse.java:62)
at org.openqa.selenium.remote.HandshakeResponse.lambda$getResponseFunction$0(HandshakeResponse.java:30)
at org.openqa.selenium.remote.ProtocolHandshake.lambda$createSession$0(ProtocolHandshake.java:126)
at java.util.stream.ReferencePipeline$3$1.accept(Unknown Source)
at java.util.Spliterators$ArraySpliterator.tryAdvance(Unknown Source)
at java.util.stream.ReferencePipeline.forEachWithCancel(Unknown Source)
at java.util.stream.AbstractPipeline.copyIntoWithCancel(Unknown Source)
at java.util.stream.AbstractPipeline.copyInto(Unknown Source)
at java.util.stream.AbstractPipeline.wrapAndCopyInto(Unknown Source)
at java.util.stream.FindOps$FindOp.evaluateSequential(Unknown Source)
at java.util.stream.AbstractPipeline.evaluate(Unknown Source)
at java.util.stream.ReferencePipeline.findFirst(Unknown Source)
at org.openqa.selenium.remote.ProtocolHandshake.createSession(ProtocolHandshake.java:128)
at org.openqa.selenium.remote.ProtocolHandshake.createSession(ProtocolHandshake.java:74)
at org.openqa.selenium.remote.HttpCommandExecutor.execute(HttpCommandExecutor.java:136)
at org.openqa.selenium.remote.service.DriverCommandExecutor.execute(DriverCommandExecutor.java:83)
at org.openqa.selenium.remote.RemoteWebDriver.execute(RemoteWebDriver.java:552)
at org.openqa.selenium.remote.RemoteWebDriver.startSession(RemoteWebDriver.java:213)
at org.openqa.selenium.remote.RemoteWebDriver.<init>(RemoteWebDriver.java:131)
at org.openqa.selenium.chrome.ChromeDriver.<init>(ChromeDriver.java:181)
at org.openqa.selenium.chrome.ChromeDriver.<init>(ChromeDriver.java:168)
at org.openqa.selenium.chrome.ChromeDriver.<init>(ChromeDriver.java:157)
at demogroup.SampleProject.BaseTest.launch(BaseTest.java:77)
at demogroup.SampleProject.LinksTesting1.setup(LinksTesting1.java:24)
at sun.reflect.NativeMethodAccessorImpl.invoke0(Native Method)
at sun.reflect.NativeMethodAccessorImpl.invoke(Unknown Source)
at sun.reflect.DelegatingMethodAccessorImpl.invoke(Unknown Source)
at java.lang.reflect.Method.invoke(Unknown Source)
at org.testng.internal.MethodInvocationHelper.invokeMethod(MethodInvocationHelper.java:135)
at org.testng.internal.MethodInvocationHelper.invokeMethodConsideringTimeout(MethodInvocationHelper.java:64)
at org.testng.internal.ConfigInvoker.invokeConfigurationMethod(ConfigInvoker.java:364)
at org.testng.internal.ConfigInvoker.invokeConfigurations(ConfigInvoker.java:318)
at org.testng.internal.TestInvoker.runConfigMethods(TestInvoker.java:700)
at org.testng.internal.TestInvoker.invokeMethod(TestInvoker.java:527)
at org.testng.internal.TestInvoker.invokeTestMethod(TestInvoker.java:174)
at org.testng.internal.MethodRunner.runInSequence(MethodRunner.java:46)
at org.testng.internal.TestInvoker$MethodInvocationAgent.invoke(TestInvoker.java:821)
at org.testng.internal.TestInvoker.invokeTestMethods(TestInvoker.java:147)
at org.testng.internal.TestMethodWorker.invokeTestMethods(TestMethodWorker.java:146)
at org.testng.internal.TestMethodWorker.run(TestMethodWorker.java:128)
at java.util.ArrayList.forEach(Unknown Source)
at org.testng.TestRunner.privateRun(TestRunner.java:767)
at org.testng.TestRunner.run(TestRunner.java:588)
at org.testng.SuiteRunner.runTest(SuiteRunner.java:384)
at org.testng.SuiteRunner.access$000(SuiteRunner.java:28)
at org.testng.SuiteRunner$SuiteWorker.run(SuiteRunner.java:425)
at org.testng.internal.thread.ThreadUtil.lambda$execute$0(ThreadUtil.java:68)
at java.util.concurrent.FutureTask.run(Unknown Source)
at java.util.concurrent.ThreadPoolExecutor.runWorker(Unknown Source)
at java.util.concurrent.ThreadPoolExecutor$Worker.run(Unknown Source)
at java.lang.Thread.run(Unknown Source)
]]>
    </error>
  </testcase> <!-- setup -->
  <system-out/>
  <testcase name="linktesting1" time="30.172" classname="demogroup.SampleProject.LinksTesting1"/>
  <system-out>
Clicked on Image Link  </system-out>
</testsuite> <!-- demogroup.SampleProject.LinksTesting1 -->
