<?xml version="1.0" encoding="UTF-8"?>
<!-- Generated by org.testng.reporters.JUnitXMLReporter -->
<testsuite hostname="DESKTOP-27L8JE7" ignored="0" name="ChromeTest" tests="4" failures="0" timestamp="2021-06-07T06:11:30 IST" time="34.252" errors="0">
  <testcase name="@BeforeMethod beforeMethod" time="27.041" classname="demogroup.SampleProject.CheckBox1">
    <failure type="java.lang.NullPointerException" message="null value in entry: url=null">
      <![CDATA[java.lang.NullPointerException: null value in entry: url=null
at com.google.common.collect.CollectPreconditions.checkEntryNotNull(CollectPreconditions.java:32)
at com.google.common.collect.SingletonImmutableBiMap.<init>(SingletonImmutableBiMap.java:42)
at com.google.common.collect.ImmutableBiMap.of(ImmutableBiMap.java:72)
at com.google.common.collect.ImmutableMap.of(ImmutableMap.java:124)
at org.openqa.selenium.remote.RemoteWebDriver.get(RemoteWebDriver.java:277)
at org.openqa.selenium.remote.RemoteWebDriver$RemoteNavigation.to(RemoteWebDriver.java:857)
at demogroup.SampleProject.BaseTest.navigateUrl(BaseTest.java:99)
at demogroup.SampleProject.CheckBox1.beforeMethod(CheckBox1.java:28)
at java.util.ArrayList.forEach(Unknown Source)
at java.util.concurrent.FutureTask.run(Unknown Source)
at java.util.concurrent.ThreadPoolExecutor.runWorker(Unknown Source)
at java.util.concurrent.ThreadPoolExecutor$Worker.run(Unknown Source)
at java.lang.Thread.run(Unknown Source)
... Removed 22 stack frames]]>
    </failure>
  </testcase> <!-- @BeforeMethod beforeMethod -->
  <testcase name="@AfterMethod afterMethod" time="-1.623026483385E9" classname="demogroup.SampleProject.CheckBox1">
    <skipped/>
  </testcase> <!-- @AfterMethod afterMethod -->
  <testcase name="@BeforeMethod setup" time="2.423" classname="demogroup.SampleProject.LinksTesting1">
    <failure type="org.openqa.selenium.InvalidArgumentException" message="invalid argument: user data directory is already in use, please specify a unique value for --user-data-dir argument, or don&amp;apos;t use --user-data-dir
Build info: version: &amp;apos;3.141.59&amp;apos;, revision: &amp;apos;e82be7d358&amp;apos;, time: &amp;apos;2018-11-14T08:17:03&amp;apos;
System info: host: &amp;apos;DESKTOP-27L8JE7&amp;apos;, ip: &amp;apos;10.0.0.4&amp;apos;, os.name: &amp;apos;Windows 10&amp;apos;, os.arch: &amp;apos;amd64&amp;apos;, os.version: &amp;apos;10.0&amp;apos;, java.version: &amp;apos;1.8.0_241&amp;apos;
Driver info: driver.version: ChromeDriver
remote stacktrace: Backtrace:
	Ordinal0 [0x0122C013+2474003]
	Ordinal0 [0x011C29C1+2042305]
	Ordinal0 [0x010D2F68+1060712]
	Ordinal0 [0x010EE7D5+1173461]
	Ordinal0 [0x010EAA83+1157763]
	Ordinal0 [0x0111A2A2+1352354]
	Ordinal0 [0x01118FAA+1347498]
	Ordinal0 [0x011166DB+1337051]
	Ordinal0 [0x010F3427+1192999]
	Ordinal0 [0x010F42EE+1196782]
	Ordinal0 [0x010F4279+1196665]
	GetHandleVerifier [0x013B96FC+1590332]
	GetHandleVerifier [0x01468614+2306900]
	GetHandleVerifier [0x012B9E93+543699]
	GetHandleVerifier [0x012B92CE+540686]
	Ordinal0 [0x011C86BA+2066106]
	Ordinal0 [0x011CD1C8+2085320]
	Ordinal0 [0x011CD308+2085640]
	Ordinal0 [0x011D67F3+2123763]
	BaseThreadInitThunk [0x770DFA29+25]
	RtlGetAppContainerNamedObjectPath [0x77C27A7E+286]
	RtlGetAppContainerNamedObjectPath [0x77C27A4E+238]
">
      <![CDATA[org.openqa.selenium.InvalidArgumentException: invalid argument: user data directory is already in use, please specify a unique value for --user-data-dir argument, or don't use --user-data-dir
Build info: version: '3.141.59', revision: 'e82be7d358', time: '2018-11-14T08:17:03'
System info: host: 'DESKTOP-27L8JE7', ip: '10.0.0.4', os.name: 'Windows 10', os.arch: 'amd64', os.version: '10.0', java.version: '1.8.0_241'
Driver info: driver.version: ChromeDriver
remote stacktrace: Backtrace:
Ordinal0 [0x0122C013+2474003]
Ordinal0 [0x011C29C1+2042305]
Ordinal0 [0x010D2F68+1060712]
Ordinal0 [0x010EE7D5+1173461]
Ordinal0 [0x010EAA83+1157763]
Ordinal0 [0x0111A2A2+1352354]
Ordinal0 [0x01118FAA+1347498]
Ordinal0 [0x011166DB+1337051]
Ordinal0 [0x010F3427+1192999]
Ordinal0 [0x010F42EE+1196782]
Ordinal0 [0x010F4279+1196665]
GetHandleVerifier [0x013B96FC+1590332]
GetHandleVerifier [0x01468614+2306900]
GetHandleVerifier [0x012B9E93+543699]
GetHandleVerifier [0x012B92CE+540686]
Ordinal0 [0x011C86BA+2066106]
Ordinal0 [0x011CD1C8+2085320]
Ordinal0 [0x011CD308+2085640]
Ordinal0 [0x011D67F3+2123763]
BaseThreadInitThunk [0x770DFA29+25]
RtlGetAppContainerNamedObjectPath [0x77C27A7E+286]
RtlGetAppContainerNamedObjectPath [0x77C27A4E+238]

at org.openqa.selenium.remote.W3CHandshakeResponse.lambda$errorHandler$0(W3CHandshakeResponse.java:62)
at org.openqa.selenium.remote.HandshakeResponse.lambda$getResponseFunction$0(HandshakeResponse.java:30)
at org.openqa.selenium.remote.ProtocolHandshake.lambda$createSession$0(ProtocolHandshake.java:126)
at java.util.stream.ReferencePipeline$3$1.accept(Unknown Source)
at java.util.Spliterators$ArraySpliterator.tryAdvance(Unknown Source)
at java.util.stream.ReferencePipeline.forEachWithCancel(Unknown Source)
at java.util.stream.AbstractPipeline.copyIntoWithCancel(Unknown Source)
at java.util.stream.AbstractPipeline.copyInto(Unknown Source)
at java.util.stream.AbstractPipeline.wrapAndCopyInto(Unknown Source)
at java.util.stream.FindOps$FindOp.evaluateSequential(Unknown Source)
at java.util.stream.AbstractPipeline.evaluate(Unknown Source)
at java.util.stream.ReferencePipeline.findFirst(Unknown Source)
at org.openqa.selenium.remote.ProtocolHandshake.createSession(ProtocolHandshake.java:128)
at org.openqa.selenium.remote.ProtocolHandshake.createSession(ProtocolHandshake.java:74)
at org.openqa.selenium.remote.HttpCommandExecutor.execute(HttpCommandExecutor.java:136)
at org.openqa.selenium.remote.service.DriverCommandExecutor.execute(DriverCommandExecutor.java:83)
at org.openqa.selenium.remote.RemoteWebDriver.execute(RemoteWebDriver.java:552)
at org.openqa.selenium.remote.RemoteWebDriver.startSession(RemoteWebDriver.java:213)
at org.openqa.selenium.remote.RemoteWebDriver.<init>(RemoteWebDriver.java:131)
at org.openqa.selenium.chrome.ChromeDriver.<init>(ChromeDriver.java:181)
at org.openqa.selenium.chrome.ChromeDriver.<init>(ChromeDriver.java:168)
at org.openqa.selenium.chrome.ChromeDriver.<init>(ChromeDriver.java:157)
at demogroup.SampleProject.BaseTest.launch(BaseTest.java:77)
at demogroup.SampleProject.LinksTesting1.setup(LinksTesting1.java:24)
at java.util.ArrayList.forEach(Unknown Source)
at java.util.concurrent.FutureTask.run(Unknown Source)
at java.util.concurrent.ThreadPoolExecutor.runWorker(Unknown Source)
at java.util.concurrent.ThreadPoolExecutor$Worker.run(Unknown Source)
at java.lang.Thread.run(Unknown Source)
... Removed 26 stack frames]]>
    </failure>
  </testcase> <!-- @BeforeMethod setup -->
  <testcase name="@AfterMethod tearDown" time="-1.623026485856E9" classname="demogroup.SampleProject.LinksTesting1">
    <skipped/>
  </testcase> <!-- @AfterMethod tearDown -->
  <testcase name="@BeforeMethod beforeMethod" time="2.328" classname="demogroup.SampleProject.RadioButton1">
    <failure type="org.openqa.selenium.InvalidArgumentException" message="invalid argument: user data directory is already in use, please specify a unique value for --user-data-dir argument, or don&amp;apos;t use --user-data-dir
Build info: version: &amp;apos;3.141.59&amp;apos;, revision: &amp;apos;e82be7d358&amp;apos;, time: &amp;apos;2018-11-14T08:17:03&amp;apos;
System info: host: &amp;apos;DESKTOP-27L8JE7&amp;apos;, ip: &amp;apos;10.0.0.4&amp;apos;, os.name: &amp;apos;Windows 10&amp;apos;, os.arch: &amp;apos;amd64&amp;apos;, os.version: &amp;apos;10.0&amp;apos;, java.version: &amp;apos;1.8.0_241&amp;apos;
Driver info: driver.version: ChromeDriver
remote stacktrace: Backtrace:
	Ordinal0 [0x0122C013+2474003]
	Ordinal0 [0x011C29C1+2042305]
	Ordinal0 [0x010D2F68+1060712]
	Ordinal0 [0x010EE7D5+1173461]
	Ordinal0 [0x010EAA83+1157763]
	Ordinal0 [0x0111A2A2+1352354]
	Ordinal0 [0x01118FAA+1347498]
	Ordinal0 [0x011166DB+1337051]
	Ordinal0 [0x010F3427+1192999]
	Ordinal0 [0x010F42EE+1196782]
	Ordinal0 [0x010F4279+1196665]
	GetHandleVerifier [0x013B96FC+1590332]
	GetHandleVerifier [0x01468614+2306900]
	GetHandleVerifier [0x012B9E93+543699]
	GetHandleVerifier [0x012B92CE+540686]
	Ordinal0 [0x011C86BA+2066106]
	Ordinal0 [0x011CD1C8+2085320]
	Ordinal0 [0x011CD308+2085640]
	Ordinal0 [0x011D67F3+2123763]
	BaseThreadInitThunk [0x770DFA29+25]
	RtlGetAppContainerNamedObjectPath [0x77C27A7E+286]
	RtlGetAppContainerNamedObjectPath [0x77C27A4E+238]
">
      <![CDATA[org.openqa.selenium.InvalidArgumentException: invalid argument: user data directory is already in use, please specify a unique value for --user-data-dir argument, or don't use --user-data-dir
Build info: version: '3.141.59', revision: 'e82be7d358', time: '2018-11-14T08:17:03'
System info: host: 'DESKTOP-27L8JE7', ip: '10.0.0.4', os.name: 'Windows 10', os.arch: 'amd64', os.version: '10.0', java.version: '1.8.0_241'
Driver info: driver.version: ChromeDriver
remote stacktrace: Backtrace:
Ordinal0 [0x0122C013+2474003]
Ordinal0 [0x011C29C1+2042305]
Ordinal0 [0x010D2F68+1060712]
Ordinal0 [0x010EE7D5+1173461]
Ordinal0 [0x010EAA83+1157763]
Ordinal0 [0x0111A2A2+1352354]
Ordinal0 [0x01118FAA+1347498]
Ordinal0 [0x011166DB+1337051]
Ordinal0 [0x010F3427+1192999]
Ordinal0 [0x010F42EE+1196782]
Ordinal0 [0x010F4279+1196665]
GetHandleVerifier [0x013B96FC+1590332]
GetHandleVerifier [0x01468614+2306900]
GetHandleVerifier [0x012B9E93+543699]
GetHandleVerifier [0x012B92CE+540686]
Ordinal0 [0x011C86BA+2066106]
Ordinal0 [0x011CD1C8+2085320]
Ordinal0 [0x011CD308+2085640]
Ordinal0 [0x011D67F3+2123763]
BaseThreadInitThunk [0x770DFA29+25]
RtlGetAppContainerNamedObjectPath [0x77C27A7E+286]
RtlGetAppContainerNamedObjectPath [0x77C27A4E+238]

at org.openqa.selenium.remote.W3CHandshakeResponse.lambda$errorHandler$0(W3CHandshakeResponse.java:62)
at org.openqa.selenium.remote.HandshakeResponse.lambda$getResponseFunction$0(HandshakeResponse.java:30)
at org.openqa.selenium.remote.ProtocolHandshake.lambda$createSession$0(ProtocolHandshake.java:126)
at java.util.stream.ReferencePipeline$3$1.accept(Unknown Source)
at java.util.Spliterators$ArraySpliterator.tryAdvance(Unknown Source)
at java.util.stream.ReferencePipeline.forEachWithCancel(Unknown Source)
at java.util.stream.AbstractPipeline.copyIntoWithCancel(Unknown Source)
at java.util.stream.AbstractPipeline.copyInto(Unknown Source)
at java.util.stream.AbstractPipeline.wrapAndCopyInto(Unknown Source)
at java.util.stream.FindOps$FindOp.evaluateSequential(Unknown Source)
at java.util.stream.AbstractPipeline.evaluate(Unknown Source)
at java.util.stream.ReferencePipeline.findFirst(Unknown Source)
at org.openqa.selenium.remote.ProtocolHandshake.createSession(ProtocolHandshake.java:128)
at org.openqa.selenium.remote.ProtocolHandshake.createSession(ProtocolHandshake.java:74)
at org.openqa.selenium.remote.HttpCommandExecutor.execute(HttpCommandExecutor.java:136)
at org.openqa.selenium.remote.service.DriverCommandExecutor.execute(DriverCommandExecutor.java:83)
at org.openqa.selenium.remote.RemoteWebDriver.execute(RemoteWebDriver.java:552)
at org.openqa.selenium.remote.RemoteWebDriver.startSession(RemoteWebDriver.java:213)
at org.openqa.selenium.remote.RemoteWebDriver.<init>(RemoteWebDriver.java:131)
at org.openqa.selenium.chrome.ChromeDriver.<init>(ChromeDriver.java:181)
at org.openqa.selenium.chrome.ChromeDriver.<init>(ChromeDriver.java:168)
at org.openqa.selenium.chrome.ChromeDriver.<init>(ChromeDriver.java:157)
at demogroup.SampleProject.BaseTest.launch(BaseTest.java:77)
at demogroup.SampleProject.RadioButton1.beforeMethod(RadioButton1.java:25)
at java.util.ArrayList.forEach(Unknown Source)
at java.util.concurrent.FutureTask.run(Unknown Source)
at java.util.concurrent.ThreadPoolExecutor.runWorker(Unknown Source)
at java.util.concurrent.ThreadPoolExecutor$Worker.run(Unknown Source)
at java.lang.Thread.run(Unknown Source)
... Removed 26 stack frames]]>
    </failure>
  </testcase> <!-- @BeforeMethod beforeMethod -->
  <testcase name="@AfterMethod afterMethod" time="-1.623026488242E9" classname="demogroup.SampleProject.RadioButton1">
    <skipped/>
  </testcase> <!-- @AfterMethod afterMethod -->
  <testcase name="@BeforeMethod startProcess" time="2.005" classname="demogroup.SampleProject.TNG_001">
    <failure type="org.openqa.selenium.InvalidArgumentException" message="invalid argument: user data directory is already in use, please specify a unique value for --user-data-dir argument, or don&amp;apos;t use --user-data-dir
Build info: version: &amp;apos;3.141.59&amp;apos;, revision: &amp;apos;e82be7d358&amp;apos;, time: &amp;apos;2018-11-14T08:17:03&amp;apos;
System info: host: &amp;apos;DESKTOP-27L8JE7&amp;apos;, ip: &amp;apos;10.0.0.4&amp;apos;, os.name: &amp;apos;Windows 10&amp;apos;, os.arch: &amp;apos;amd64&amp;apos;, os.version: &amp;apos;10.0&amp;apos;, java.version: &amp;apos;1.8.0_241&amp;apos;
Driver info: driver.version: ChromeDriver
remote stacktrace: Backtrace:
	Ordinal0 [0x0122C013+2474003]
	Ordinal0 [0x011C29C1+2042305]
	Ordinal0 [0x010D2F68+1060712]
	Ordinal0 [0x010EE7D5+1173461]
	Ordinal0 [0x010EAA83+1157763]
	Ordinal0 [0x0111A2A2+1352354]
	Ordinal0 [0x01118FAA+1347498]
	Ordinal0 [0x011166DB+1337051]
	Ordinal0 [0x010F3427+1192999]
	Ordinal0 [0x010F42EE+1196782]
	Ordinal0 [0x010F4279+1196665]
	GetHandleVerifier [0x013B96FC+1590332]
	GetHandleVerifier [0x01468614+2306900]
	GetHandleVerifier [0x012B9E93+543699]
	GetHandleVerifier [0x012B92CE+540686]
	Ordinal0 [0x011C86BA+2066106]
	Ordinal0 [0x011CD1C8+2085320]
	Ordinal0 [0x011CD308+2085640]
	Ordinal0 [0x011D67F3+2123763]
	BaseThreadInitThunk [0x770DFA29+25]
	RtlGetAppContainerNamedObjectPath [0x77C27A7E+286]
	RtlGetAppContainerNamedObjectPath [0x77C27A4E+238]
">
      <![CDATA[org.openqa.selenium.InvalidArgumentException: invalid argument: user data directory is already in use, please specify a unique value for --user-data-dir argument, or don't use --user-data-dir
Build info: version: '3.141.59', revision: 'e82be7d358', time: '2018-11-14T08:17:03'
System info: host: 'DESKTOP-27L8JE7', ip: '10.0.0.4', os.name: 'Windows 10', os.arch: 'amd64', os.version: '10.0', java.version: '1.8.0_241'
Driver info: driver.version: ChromeDriver
remote stacktrace: Backtrace:
Ordinal0 [0x0122C013+2474003]
Ordinal0 [0x011C29C1+2042305]
Ordinal0 [0x010D2F68+1060712]
Ordinal0 [0x010EE7D5+1173461]
Ordinal0 [0x010EAA83+1157763]
Ordinal0 [0x0111A2A2+1352354]
Ordinal0 [0x01118FAA+1347498]
Ordinal0 [0x011166DB+1337051]
Ordinal0 [0x010F3427+1192999]
Ordinal0 [0x010F42EE+1196782]
Ordinal0 [0x010F4279+1196665]
GetHandleVerifier [0x013B96FC+1590332]
GetHandleVerifier [0x01468614+2306900]
GetHandleVerifier [0x012B9E93+543699]
GetHandleVerifier [0x012B92CE+540686]
Ordinal0 [0x011C86BA+2066106]
Ordinal0 [0x011CD1C8+2085320]
Ordinal0 [0x011CD308+2085640]
Ordinal0 [0x011D67F3+2123763]
BaseThreadInitThunk [0x770DFA29+25]
RtlGetAppContainerNamedObjectPath [0x77C27A7E+286]
RtlGetAppContainerNamedObjectPath [0x77C27A4E+238]

at org.openqa.selenium.remote.W3CHandshakeResponse.lambda$errorHandler$0(W3CHandshakeResponse.java:62)
at org.openqa.selenium.remote.HandshakeResponse.lambda$getResponseFunction$0(HandshakeResponse.java:30)
at org.openqa.selenium.remote.ProtocolHandshake.lambda$createSession$0(ProtocolHandshake.java:126)
at java.util.stream.ReferencePipeline$3$1.accept(Unknown Source)
at java.util.Spliterators$ArraySpliterator.tryAdvance(Unknown Source)
at java.util.stream.ReferencePipeline.forEachWithCancel(Unknown Source)
at java.util.stream.AbstractPipeline.copyIntoWithCancel(Unknown Source)
at java.util.stream.AbstractPipeline.copyInto(Unknown Source)
at java.util.stream.AbstractPipeline.wrapAndCopyInto(Unknown Source)
at java.util.stream.FindOps$FindOp.evaluateSequential(Unknown Source)
at java.util.stream.AbstractPipeline.evaluate(Unknown Source)
at java.util.stream.ReferencePipeline.findFirst(Unknown Source)
at org.openqa.selenium.remote.ProtocolHandshake.createSession(ProtocolHandshake.java:128)
at org.openqa.selenium.remote.ProtocolHandshake.createSession(ProtocolHandshake.java:74)
at org.openqa.selenium.remote.HttpCommandExecutor.execute(HttpCommandExecutor.java:136)
at org.openqa.selenium.remote.service.DriverCommandExecutor.execute(DriverCommandExecutor.java:83)
at org.openqa.selenium.remote.RemoteWebDriver.execute(RemoteWebDriver.java:552)
at org.openqa.selenium.remote.RemoteWebDriver.startSession(RemoteWebDriver.java:213)
at org.openqa.selenium.remote.RemoteWebDriver.<init>(RemoteWebDriver.java:131)
at org.openqa.selenium.chrome.ChromeDriver.<init>(ChromeDriver.java:181)
at org.openqa.selenium.chrome.ChromeDriver.<init>(ChromeDriver.java:168)
at org.openqa.selenium.chrome.ChromeDriver.<init>(ChromeDriver.java:157)
at demogroup.SampleProject.BaseTest.launch(BaseTest.java:77)
at demogroup.SampleProject.TNG_001.startProcess(TNG_001.java:24)
at java.util.ArrayList.forEach(Unknown Source)
at java.util.concurrent.FutureTask.run(Unknown Source)
at java.util.concurrent.ThreadPoolExecutor.runWorker(Unknown Source)
at java.util.concurrent.ThreadPoolExecutor$Worker.run(Unknown Source)
at java.lang.Thread.run(Unknown Source)
... Removed 26 stack frames]]>
    </failure>
  </testcase> <!-- @BeforeMethod startProcess -->
  <testcase name="@AfterMethod endProcess" time="-1.623026490266E9" classname="demogroup.SampleProject.TNG_001">
    <skipped/>
  </testcase> <!-- @AfterMethod endProcess -->
  <testcase name="checkboxTest" time="0.0" classname="demogroup.SampleProject.CheckBox1">
    <skipped/>
  </testcase> <!-- checkboxTest -->
  <testcase name="linktesting1" time="0.0" classname="demogroup.SampleProject.LinksTesting1">
    <skipped/>
  </testcase> <!-- linktesting1 -->
  <testcase name="radioButton1" time="0.0" classname="demogroup.SampleProject.RadioButton1">
    <skipped/>
  </testcase> <!-- radioButton1 -->
  <testcase name="amazon" time="0.0" classname="demogroup.SampleProject.TNG_001">
    <skipped/>
  </testcase> <!-- amazon -->
</testsuite> <!-- ChromeTest -->
