<?xml version="1.0" encoding="UTF-8"?>
<!-- Generated by org.testng.reporters.JUnitXMLReporter -->
<testsuite hostname="DESKTOP-27L8JE7" ignored="0" name="Command line test 77393fa4-f235-4dfd-9b82-c4f67c0fd60e" tests="3" failures="1" timestamp="23 Jul 2021 23:59:31 GMT" time="0.016" errors="0">
  <testcase name="applyDiscount" time="0.001" classname="testcases.PaymentManager"/>
  <testcase name="makePayment" time="0.0" classname="testcases.PaymentManager">
    <failure type="org.testng.TestNGException" message="
Parameter &amp;apos;action&amp;apos; is required by @Test on method makePayment but has not been marked @Optional or defined
">
      <![CDATA[org.testng.TestNGException: 
Parameter 'action' is required by @Test on method makePayment but has not been marked @Optional or defined

at runner.SimpleRunner.main(SimpleRunner.java:93)
... Removed 21 stack frames]]>
    </failure>
  </testcase> <!-- makePayment -->
  <testcase name="checkEmail" time="0.001" classname="testcases.CustomerCommunications"/>
</testsuite> <!-- Command line test 77393fa4-f235-4dfd-9b82-c4f67c0fd60e -->
