<?xml version="1.0" encoding="UTF-8"?>
<!-- Generated by org.testng.reporters.JUnitXMLReporter -->
<testsuite hostname="DESKTOP-27L8JE7" ignored="1" name="Create Booking Test - No Discount" tests="5" failures="1" timestamp="21 Jul 2021 00:20:49 GMT" time="0.345" errors="0">
  <testcase name="searchHotel" time="0.017" classname="testcases.BookingSearch"/>
  <testcase name="selectHotel" time="0.011" classname="testcases.BookingSearch"/>
  <testcase name="enterGuestInfo" time="0.003" classname="testcases.BookingSearch"/>
  <testcase name="makePayment" time="0.0" classname="testcases.PaymentManager">
    <failure type="org.testng.TestNGException" message="
Parameter &amp;apos;action&amp;apos; is required by @Test on method makePayment but has not been marked @Optional or defined
in D:\AprilWorkSpace\BookingProject\testng.xml">
      <![CDATA[org.testng.TestNGException: 
Parameter 'action' is required by @Test on method makePayment but has not been marked @Optional or defined
in D:\AprilWorkSpace\BookingProject\testng.xml
... Removed 24 stack frames]]>
    </failure>
  </testcase> <!-- makePayment -->
  <testcase name="checkEmail" time="0.006" classname="testcases.CustomerCommunications"/>
  <testcase name="applyDiscount" time="0.0" classname="testcases.PaymentManager">
    <ignored/>
  </testcase> <!-- applyDiscount -->
</testsuite> <!-- Create Booking Test - No Discount -->
